<?xml version="1.0" encoding="UTF-8"?>
<!-- Generated by org.testng.reporters.JUnitReportReporter -->
<testsuite skipped="0" hostname="Rajat-PC" name="com.Pproperties.scripts.LaunchBrowser" tests="1" failures="0" timestamp="25 Jan 2020 07:13:43 GMT" time="20.139" errors="0">
  <testcase name="tc_01" time="20.139" classname="com.Pproperties.scripts.LaunchBrowser"/>
</testsuite> <!-- com.Pproperties.scripts.LaunchBrowser -->
